<?xml version="1.0" encoding="utf-8"?><testsuites name="pytest tests"><testsuite name="pytest" errors="0" failures="0" skipped="0" tests="21" time="3.278" timestamp="2026-06-20T05:39:39.796512+00:00" hostname="agent-env-6d7f6194-caa5-47d8-ba9c-9adc20d3c17a"><testcase classname="backend.tests.backend_test" name="test_health" time="0.532" /><testcase classname="backend.tests.backend_test" name="test_list_programs_default_27" time="0.061" /><testcase classname="backend.tests.backend_test" name="test_list_programs_filter_9_each[self]" time="0.078" /><testcase classname="backend.tests.backend_test" name="test_list_programs_filter_9_each[team]" time="0.071" /><testcase classname="backend.tests.backend_test" name="test_list_programs_filter_9_each[organization]" time="0.065" /><testcase classname="backend.tests.backend_test" name="test_programs_self_contains_required" time="0.086" /><testcase classname="backend.tests.backend_test" name="test_programs_team_contains_required" time="0.061" /><testcase classname="backend.tests.backend_test" name="test_programs_org_contains_required" time="0.074" /><testcase classname="backend.tests.backend_test" name="test_list_testimonials_12" time="0.111" /><testcase classname="backend.tests.backend_test" name="test_testimonials_authors_present" time="0.075" /><testcase classname="backend.tests.backend_test" name="test_create_lead_valid_returns_201" time="0.202" /><testcase classname="backend.tests.backend_test" name="test_create_lead_invalid_email" time="0.056" /><testcase classname="backend.tests.backend_test" name="test_create_lead_missing_message" time="0.047" /><testcase classname="backend.tests.backend_test" name="test_list_leads_requires_admin" time="0.179" /><testcase classname="backend.tests.backend_test" name="test_list_leads_with_admin_token" time="0.263" /><testcase classname="backend.tests.backend_test" name="test_admin_login_valid" time="0.050" /><testcase classname="backend.tests.backend_test" name="test_admin_login_invalid" time="0.070" /><testcase classname="backend.tests.backend_test" name="test_program_put_requires_admin" time="0.054" /><testcase classname="backend.tests.backend_test" name="test_program_upsert_and_delete_new_shape" time="0.261" /><testcase classname="backend.tests.backend_test" name="test_testimonial_put_requires_admin" time="0.047" /><testcase classname="backend.tests.backend_test" name="test_testimonial_upsert_and_delete" time="0.229" /></testsuite></testsuites>